#
# There is insufficient memory for the Java Runtime Environment to continue.
# Native memory allocation (mmap) failed to map 67108864 bytes for G1 virtual space
# Possible reasons:
#   The system is out of physical RAM or swap space
#   The process is running with CompressedOops enabled, and the Java Heap may be blocking the growth of the native heap
# Possible solutions:
#   Reduce memory load on the system
#   Increase physical memory or swap space
#   Check if swap backing store is full
#   Decrease Java heap size (-Xmx/-Xms)
#   Decrease number of Java threads
#   Decrease Java thread stack sizes (-Xss)
#   Set larger code cache with -XX:ReservedCodeCacheSize=
#   JVM is running with Unscaled Compressed Oops mode in which the Java heap is
#     placed in the first 4GB address space. The Java Heap base address is the
#     maximum limit for the native heap growth. Please use -XX:HeapBaseMinAddress
#     to set the Java Heap base and to place the Java Heap above 4GB virtual address.
# This output file may be truncated or incomplete.
#
#  Out of Memory Error (./open/src/hotspot/os/windows/os_windows.cpp:3321), pid=23120, tid=18512
#
# JRE version:  (15.0.2+7) (build )
# Java VM: OpenJDK 64-Bit Server VM (15.0.2+7-27, mixed mode, sharing, tiered, compressed oops, g1 gc, windows-amd64)
# No core dump will be written. Minidumps are not enabled by default on client versions of Windows
#

---------------  S U M M A R Y ------------

Command Line: -Dfile.encoding=Cp1252 -XX:+ShowCodeDetailsInExceptionMessages main

Host: Intel(R) Core(TM) i3-6100U CPU @ 2.30GHz, 4 cores, 3G,  Windows 10 , 64 bit Build 19041 (10.0.19041.1023)
Time: Fri Jul  2 00:41:20 2021 South Africa Standard Time elapsed time: 0.069695 seconds (0d 0h 0m 0s)

---------------  T H R E A D  ---------------

Current thread (0x0000025c31550b40):  JavaThread "Unknown thread" [_thread_in_vm, id=18512, stack(0x000000c8fae00000,0x000000c8faf00000)]

Stack: [0x000000c8fae00000,0x000000c8faf00000]
Native frames: (J=compiled Java code, j=interpreted, Vv=VM code, C=native code)
V  [jvm.dll+0x62ae9a]
V  [jvm.dll+0x7817a9]
V  [jvm.dll+0x782f03]
V  [jvm.dll+0x783563]
V  [jvm.dll+0x216325]
V  [jvm.dll+0x6281d9]
V  [jvm.dll+0x61cf55]
V  [jvm.dll+0x2cffdd]
V  [jvm.dll+0x2cfe42]
V  [jvm.dll+0x2d5e1c]
V  [jvm.dll+0x32590a]
V  [jvm.dll+0x324fd4]
V  [jvm.dll+0x2a6f5a]
V  [jvm.dll+0x2a80f8]
V  [jvm.dll+0x75e241]
V  [jvm.dll+0x3341c4]
V  [jvm.dll+0x73e926]
V  [jvm.dll+0x3b7557]
V  [jvm.dll+0x3b8fe1]
C  [jli.dll+0x52fb]
C  [ucrtbase.dll+0x21bb2]
C  [KERNEL32.DLL+0x17034]
C  [ntdll.dll+0x52651]


---------------  P R O C E S S  ---------------

Threads class SMR info:
_java_thread_list=0x00007ff9634a4ff0, length=0, elements={
}

Java Threads: ( => current thread )

Other Threads:
  0x0000025c3157e8a0 GCTaskThread "GC Thread#0" [stack: 0x000000c8faf00000,0x000000c8fb000000] [id=22956]
  0x0000025c31587f50 ConcurrentGCThread "G1 Main Marker" [stack: 0x000000c8fb000000,0x000000c8fb100000] [id=24164]
  0x0000025c31589bd0 ConcurrentGCThread "G1 Conc#0" [stack: 0x000000c8fb100000,0x000000c8fb200000] [id=24112]

[error occurred during error reporting (printing all threads), id 0xc0000005, EXCEPTION_ACCESS_VIOLATION (0xc0000005) at pc=0x00007ff962c97e27]

VM state: not at safepoint (not fully initialized)

VM Mutex/Monitor currently owned by a thread:  ([mutex/lock_event])
[0x0000025c3154b7f0] Heap_lock - owner thread: 0x0000025c31550b40

Heap address: 0x00000000c1e00000, size: 994 MB, Compressed Oops mode: 32-bit
CDS archive(s) mapped at: [0x0000000000000000-0x0000000000000000-0x0000000000000000), size 0, SharedBaseAddress: 0x0000000800000000, ArchiveRelocationMode: 0.
Narrow klass base: 0x0000000000000000, Narrow klass shift: 0, Narrow klass range: 0x0

Heap:
 garbage-first heap   total 65536K, used 0K [0x00000000c1e00000, 0x0000000100000000)
  region size 1024K, 0 young (0K), 0 survivors (0K)
 Metaspace       used 0K, capacity 0K, committed 0K, reserved 0K
  class space    used 0K, capacity 0K, committed 0K, reserved 0K

Heap Regions: E=young(eden), S=young(survivor), O=old, HS=humongous(starts), HC=humongous(continues), CS=collection set, F=free, OA=open archive, CA=closed archive, TAMS=top-at-mark-start (previous, next)

Card table byte_map: [0x0000025c45fb0000,0x0000025c461b0000] _byte_map_base: 0x0000025c459a1000

Marking Bits (Prev, Next): (CMBitMap*) 0x0000025c3157f110, (CMBitMap*) 0x0000025c3157f150
 Prev Bits: [0x0000025c463b0000, 0x0000025c47338000)
 Next Bits: [0x0000025c47340000, 0x0000025c482c8000)

GC Heap History (0 events):
No events

Deoptimization events (0 events):
No events

Classes unloaded (0 events):
No events

Classes redefined (0 events):
No events

Internal exceptions (0 events):
No events

Events (1 events):
Event: 0.019 Loaded shared library C:\Users\reube\.p2\pool\plugins\org.eclipse.justj.openjdk.hotspot.jre.full.win32.x86_64_15.0.2.v20210201-0955\jre\bin\java.dll


Dynamic libraries:
0x00007ff6a8a30000 - 0x00007ff6a8a3d000 	C:\Users\reube\.p2\pool\plugins\org.eclipse.justj.openjdk.hotspot.jre.full.win32.x86_64_15.0.2.v20210201-0955\jre\bin\javaw.exe
0x00007ff99f6f0000 - 0x00007ff99f8e5000 	C:\WINDOWS\SYSTEM32\ntdll.dll
0x00007ff99ebd0000 - 0x00007ff99ec8d000 	C:\WINDOWS\System32\KERNEL32.DLL
0x00007ff99d090000 - 0x00007ff99d358000 	C:\WINDOWS\System32\KERNELBASE.dll
0x00007ff99d360000 - 0x00007ff99d460000 	C:\WINDOWS\System32\ucrtbase.dll
0x00007ff994e70000 - 0x00007ff994e88000 	C:\Users\reube\.p2\pool\plugins\org.eclipse.justj.openjdk.hotspot.jre.full.win32.x86_64_15.0.2.v20210201-0955\jre\bin\jli.dll
0x00007ff994ff0000 - 0x00007ff995009000 	C:\Users\reube\.p2\pool\plugins\org.eclipse.justj.openjdk.hotspot.jre.full.win32.x86_64_15.0.2.v20210201-0955\jre\bin\VCRUNTIME140.dll
0x00007ff99e610000 - 0x00007ff99e7b0000 	C:\WINDOWS\System32\USER32.dll
0x00007ff99cf10000 - 0x00007ff99cf32000 	C:\WINDOWS\System32\win32u.dll
0x00007ff99eba0000 - 0x00007ff99ebca000 	C:\WINDOWS\System32\GDI32.dll
0x00007ff99d650000 - 0x00007ff99d75b000 	C:\WINDOWS\System32\gdi32full.dll
0x00007ff99cff0000 - 0x00007ff99d08d000 	C:\WINDOWS\System32\msvcp_win.dll
0x00007ff990730000 - 0x00007ff9909ca000 	C:\WINDOWS\WinSxS\amd64_microsoft.windows.common-controls_6595b64144ccf1df_6.0.19041.1052_none_60b8f8fd71f5e8cb\COMCTL32.dll
0x00007ff99ee70000 - 0x00007ff99ef0e000 	C:\WINDOWS\System32\msvcrt.dll
0x00007ff99ef10000 - 0x00007ff99ef40000 	C:\WINDOWS\System32\IMM32.DLL
0x00007ff998470000 - 0x00007ff99847c000 	C:\Users\reube\.p2\pool\plugins\org.eclipse.justj.openjdk.hotspot.jre.full.win32.x86_64_15.0.2.v20210201-0955\jre\bin\vcruntime140_1.dll
0x00007ff976ff0000 - 0x00007ff977081000 	C:\Users\reube\.p2\pool\plugins\org.eclipse.justj.openjdk.hotspot.jre.full.win32.x86_64_15.0.2.v20210201-0955\jre\bin\msvcp140.dll
0x00007ff9629e0000 - 0x00007ff96353e000 	C:\Users\reube\.p2\pool\plugins\org.eclipse.justj.openjdk.hotspot.jre.full.win32.x86_64_15.0.2.v20210201-0955\jre\bin\server\jvm.dll
0x00007ff99ec90000 - 0x00007ff99ed3c000 	C:\WINDOWS\System32\ADVAPI32.dll
0x00007ff99e9a0000 - 0x00007ff99ea3b000 	C:\WINDOWS\System32\sechost.dll
0x00007ff99ef40000 - 0x00007ff99f06b000 	C:\WINDOWS\System32\RPCRT4.dll
0x00007ff99eb90000 - 0x00007ff99eb98000 	C:\WINDOWS\System32\PSAPI.DLL
0x00007ff992ac0000 - 0x00007ff992ae7000 	C:\WINDOWS\SYSTEM32\WINMM.dll
0x00007ff996fd0000 - 0x00007ff996fda000 	C:\WINDOWS\SYSTEM32\VERSION.dll
0x00007ff998450000 - 0x00007ff998459000 	C:\WINDOWS\SYSTEM32\WSOCK32.dll
0x00007ff99eb20000 - 0x00007ff99eb8b000 	C:\WINDOWS\System32\WS2_32.dll
0x00007ff99ba10000 - 0x00007ff99ba22000 	C:\WINDOWS\SYSTEM32\kernel.appcore.dll
0x00007ff998400000 - 0x00007ff99840a000 	C:\Users\reube\.p2\pool\plugins\org.eclipse.justj.openjdk.hotspot.jre.full.win32.x86_64_15.0.2.v20210201-0955\jre\bin\jimage.dll
0x00007ff99b6c0000 - 0x00007ff99b8a4000 	C:\WINDOWS\SYSTEM32\DBGHELP.DLL
0x00007ff9941f0000 - 0x00007ff99421c000 	C:\WINDOWS\SYSTEM32\dbgcore.DLL
0x00007ff99ce80000 - 0x00007ff99cf03000 	C:\WINDOWS\System32\bcryptPrimitives.dll
0x00007ff997d50000 - 0x00007ff997d75000 	C:\Users\reube\.p2\pool\plugins\org.eclipse.justj.openjdk.hotspot.jre.full.win32.x86_64_15.0.2.v20210201-0955\jre\bin\java.dll

dbghelp: loaded successfully - version: 4.0.5 - missing functions: none
symbol engine: initialized successfully - sym options: 0x614 - pdb path: .;C:\Users\reube\.p2\pool\plugins\org.eclipse.justj.openjdk.hotspot.jre.full.win32.x86_64_15.0.2.v20210201-0955\jre\bin;C:\WINDOWS\SYSTEM32;C:\WINDOWS\WinSxS\amd64_microsoft.windows.common-controls_6595b64144ccf1df_6.0.19041.1052_none_60b8f8fd71f5e8cb;C:\Users\reube\.p2\pool\plugins\org.eclipse.justj.openjdk.hotspot.jre.full.win32.x86_64_15.0.2.v20210201-0955\jre\bin\server

VM Arguments:
jvm_args: -Dfile.encoding=Cp1252 -XX:+ShowCodeDetailsInExceptionMessages 
java_command: main
java_class_path (initial): C:\Users\reube\OneDrive\Desktop\eclipse-workspace\ThePoisedApp\bin;C:\Program Files (x86)\MySQL\Connector J 8.0\mysql-connector-java-8.0.25.jar
Launcher Type: SUN_STANDARD

[Global flags]
     intx CICompilerCount                          = 3                                         {product} {ergonomic}
     uint ConcGCThreads                            = 1                                         {product} {ergonomic}
     uint G1ConcRefinementThreads                  = 4                                         {product} {ergonomic}
   size_t G1HeapRegionSize                         = 1048576                                   {product} {ergonomic}
    uintx GCDrainStackTargetSize                   = 64                                        {product} {ergonomic}
   size_t InitialHeapSize                          = 67108864                                  {product} {ergonomic}
   size_t MarkStackSize                            = 4194304                                   {product} {ergonomic}
   size_t MaxHeapSize                              = 1042284544                                {product} {ergonomic}
   size_t MinHeapDeltaBytes                        = 1048576                                   {product} {ergonomic}
   size_t MinHeapSize                              = 8388608                                   {product} {ergonomic}
    uintx NonNMethodCodeHeapSize                   = 5832780                                {pd product} {ergonomic}
    uintx NonProfiledCodeHeapSize                  = 122912730                              {pd product} {ergonomic}
    uintx ProfiledCodeHeapSize                     = 122912730                              {pd product} {ergonomic}
    uintx ReservedCodeCacheSize                    = 251658240                              {pd product} {ergonomic}
     bool SegmentedCodeCache                       = true                                      {product} {ergonomic}
     bool ShowCodeDetailsInExceptionMessages       = true                                   {manageable} {command line}
   size_t SoftMaxHeapSize                          = 1042284544                             {manageable} {ergonomic}
     bool UseCompressedClassPointers               = true                                 {lp64_product} {ergonomic}
     bool UseCompressedOops                        = true                                 {lp64_product} {ergonomic}
     bool UseG1GC                                  = true                                      {product} {ergonomic}
     bool UseLargePagesIndividualAllocation        = false                                  {pd product} {ergonomic}

Logging:
Log output configuration:
 #0: stdout all=warning uptime,level,tags
 #1: stderr all=off uptime,level,tags

Environment Variables:
PATH=C:/Users/reube/.p2/pool/plugins/org.eclipse.justj.openjdk.hotspot.jre.full.win32.x86_64_15.0.2.v20210201-0955/jre/bin/server;C:/Users/reube/.p2/pool/plugins/org.eclipse.justj.openjdk.hotspot.jre.full.win32.x86_64_15.0.2.v20210201-0955/jre/bin;C:\Program Files\Common Files\Oracle\Java\javapath;C:\Program Files (x86)\Intel\Intel(R) Management Engine Components\iCLS\;C:\Program Files\Intel\Intel(R) Management Engine Components\iCLS\;C:\WINDOWS\system32;C:\WINDOWS;C:\WINDOWS\System32\Wbem;C:\WINDOWS\System32\WindowsPowerShell\v1.0\;C:\WINDOWS\System32\OpenSSH\;C:\Program Files (x86)\Intel\Intel(R) Management Engine Components\DAL;C:\Program Files\Intel\Intel(R) Management Engine Components\DAL;C:\Program Files (x86)\Intel\Intel(R) Management Engine Components\IPT;C:\Program Files\Intel\Intel(R) Management Engine Components\IPT;C:\Program Files\Git\cmd;C:\Program Files\MySQL\MySQL Shell 8.0\bin\;C:\Users\reube\AppData\Local\Programs\Python\Python39\Scripts\;C:\Users\reube\AppData\Local\Programs\Python\Python39\;C:\Users\reube\AppData\Local\Microsoft\WindowsApps;;C:\Users\reube\OneDrive\Desktop\Java;
USERNAME=reube
OS=Windows_NT
PROCESSOR_IDENTIFIER=Intel64 Family 6 Model 78 Stepping 3, GenuineIntel



---------------  S Y S T E M  ---------------

OS:
 Windows 10 , 64 bit Build 19041 (10.0.19041.1023)
OS uptime: 16 days 4:21 hours

CPU: total 4 (initial active 4) (2 cores per cpu, 2 threads per core) family 6 model 78 stepping 3 microcode 0xd6, cmov, cx8, fxsr, mmx, sse, sse2, sse3, ssse3, sse4.1, sse4.2, popcnt, vzeroupper, avx, avx2, aes, clmul, erms, rtm, 3dnowpref, lzcnt, ht, tsc, tscinvbit, bmi1, bmi2, adx, fma, clflush, clflushopt

Memory: 4k page, system-wide physical 3975M (412M free)
TotalPageFile size 16263M (AvailPageFile size 28M)
current process WorkingSet (physical memory assigned to process): 9M, peak: 9M
current process commit charge ("private bytes"): 51M, peak: 115M

vm_info: OpenJDK 64-Bit Server VM (15.0.2+7-27) for windows-amd64 JRE (15.0.2+7-27), built on Dec  7 2020 20:02:38 by "mach5one" with unknown MS VC++:1925

END.
